# JRE version: Java(TM) SE Runtime Environment (20.0.2+9) (build 20.0.2+9-78)
# Java VM: Java HotSpot(TM) 64-Bit Server VM (20.0.2+9-78, mixed mode, sharing, tiered, compressed oops, compressed class ptrs, g1 gc, windows-amd64)
GC Precious Log:
 CardTable entry size: 512
 Card Set container configuration: InlinePtr #cards 5 size 8 Array Of Cards #cards 12 size 40 Howl #buckets 4 coarsen threshold 1843 Howl Bitmap #cards 512 size 80 coarsen threshold 460 Card regions per heap region 1 cards per card region 2048
 CPUs: 4 total, 4 available
 Memory: 16212M
 Large Page Support: Disabled
 NUMA Support: Disabled
 Compressed Oops: Enabled (32-bit)
 Heap Region Size: 1M
 Heap Min Capacity: 8M
 Heap Initial Capacity: 254M
 Heap Max Capacity: 2G
 Pre-touch: Disabled
 Parallel Workers: 4
 Concurrent Workers: 1
 Concurrent Refinement Workers: 4
 Periodic GC: Disabled
Heap:
 garbage-first heap   total 155648K, used 115044K [0x0000000080000000, 0x0000000100000000)
  region size 1024K, 34 young (34816K), 7 survivors (7168K)
 Metaspace       used 80775K, committed 83008K, reserved 552960K
  class space    used 11220K, committed 12352K, reserved 421888K
GC Heap History (20 events):
Event: 23.695 GC heap before
{Heap before GC invocations=16 (full 0):
 garbage-first heap   total 88064K, used 77988K [0x0000000080000000, 0x0000000100000000)
  region size 1024K, 27 young (27648K), 4 survivors (4096K)
 Metaspace       used 55738K, committed 57664K, reserved 487424K
  class space    used 7930K, committed 8896K, reserved 421888K
}
Event: 23.708 GC heap after
{Heap after GC invocations=17 (full 0):
 garbage-first heap   total 106496K, used 55297K [0x0000000080000000, 0x0000000100000000)
  region size 1024K, 2 young (2048K), 2 survivors (2048K)
 Metaspace       used 55738K, committed 57664K, reserved 487424K
  class space    used 7930K, committed 8896K, reserved 421888K
}
Event: 23.892 GC heap before
{Heap before GC invocations=17 (full 0):
 garbage-first heap   total 106496K, used 63489K [0x0000000080000000, 0x0000000100000000)
  region size 1024K, 11 young (11264K), 2 survivors (2048K)
 Metaspace       used 56510K, committed 58432K, reserved 487424K
  class space    used 8071K, committed 9024K, reserved 421888K
}
Event: 23.896 GC heap after
{Heap after GC invocations=18 (full 0):
 garbage-first heap   total 106496K, used 55751K [0x0000000080000000, 0x0000000100000000)
  region size 1024K, 2 young (2048K), 2 survivors (2048K)
 Metaspace       used 56510K, committed 58432K, reserved 487424K
  class space    used 8071K, committed 9024K, reserved 421888K
}
Event: 24.771 GC heap before
{Heap before GC invocations=19 (full 0):
 garbage-first heap   total 111616K, used 98759K [0x0000000080000000, 0x0000000100000000)
  region size 1024K, 40 young (40960K), 2 survivors (2048K)
 Metaspace       used 59452K, committed 61440K, reserved 487424K
  class space    used 8460K, committed 9408K, reserved 421888K
}
Event: 24.778 GC heap after
{Heap after GC invocations=20 (full 0):
 garbage-first heap   total 111616K, used 61673K [0x0000000080000000, 0x0000000100000000)
  region size 1024K, 4 young (4096K), 4 survivors (4096K)
 Metaspace       used 59452K, committed 61440K, reserved 487424K
  class space    used 8460K, committed 9408K, reserved 421888K
}
Event: 25.816 GC heap before
{Heap before GC invocations=20 (full 0):
 garbage-first heap   total 111616K, used 99561K [0x0000000080000000, 0x0000000100000000)
  region size 1024K, 42 young (43008K), 4 survivors (4096K)
 Metaspace       used 63415K, committed 65344K, reserved 487424K
  class space    used 8965K, committed 9920K, reserved 421888K
}
Event: 25.829 GC heap after
{Heap after GC invocations=21 (full 0):
 garbage-first heap   total 111616K, used 62941K [0x0000000080000000, 0x0000000100000000)
  region size 1024K, 5 young (5120K), 5 survivors (5120K)
 Metaspace       used 63415K, committed 65344K, reserved 487424K
  class space    used 8965K, committed 9920K, reserved 421888K
}
Event: 26.783 GC heap before
{Heap before GC invocations=21 (full 0):
 garbage-first heap   total 111616K, used 98781K [0x0000000080000000, 0x0000000100000000)
  region size 1024K, 40 young (40960K), 5 survivors (5120K)
 Metaspace       used 65687K, committed 67712K, reserved 487424K
  class space    used 9305K, committed 10304K, reserved 421888K
}
Event: 26.797 GC heap after
{Heap after GC invocations=22 (full 0):
 garbage-first heap   total 111616K, used 65655K [0x0000000080000000, 0x0000000100000000)
  region size 1024K, 5 young (5120K), 5 survivors (5120K)
 Metaspace       used 65687K, committed 67712K, reserved 487424K
  class space    used 9305K, committed 10304K, reserved 421888K
}
Event: 28.519 GC heap before
{Heap before GC invocations=23 (full 0):
 garbage-first heap   total 114688K, used 98423K [0x0000000080000000, 0x0000000100000000)
  region size 1024K, 37 young (37888K), 5 survivors (5120K)
 Metaspace       used 68023K, committed 70080K, reserved 487424K
  class space    used 9681K, committed 10688K, reserved 421888K
}
Event: 28.535 GC heap after
{Heap after GC invocations=24 (full 0):
 garbage-first heap   total 114688K, used 68587K [0x0000000080000000, 0x0000000100000000)
  region size 1024K, 5 young (5120K), 5 survivors (5120K)
 Metaspace       used 68023K, committed 70080K, reserved 487424K
  class space    used 9681K, committed 10688K, reserved 421888K
}
Event: 29.646 GC heap before
{Heap before GC invocations=24 (full 0):
 garbage-first heap   total 114688K, used 106475K [0x0000000080000000, 0x0000000100000000)
  region size 1024K, 38 young (38912K), 5 survivors (5120K)
 Metaspace       used 69169K, committed 71296K, reserved 487424K
  class space    used 9844K, committed 10880K, reserved 421888K
}
Event: 29.667 GC heap after
{Heap after GC invocations=25 (full 0):
 garbage-first heap   total 120832K, used 79059K [0x0000000080000000, 0x0000000100000000)
  region size 1024K, 5 young (5120K), 5 survivors (5120K)
 Metaspace       used 69169K, committed 71296K, reserved 487424K
  class space    used 9844K, committed 10880K, reserved 421888K
}
Event: 30.150 GC heap before
{Heap before GC invocations=25 (full 0):
 garbage-first heap   total 120832K, used 106707K [0x0000000080000000, 0x0000000100000000)
  region size 1024K, 33 young (33792K), 5 survivors (5120K)
 Metaspace       used 71252K, committed 73408K, reserved 487424K
  class space    used 10088K, committed 11136K, reserved 421888K
}
Event: 30.156 GC heap after
{Heap after GC invocations=26 (full 0):
 garbage-first heap   total 145408K, used 81820K [0x0000000080000000, 0x0000000100000000)
  region size 1024K, 3 young (3072K), 3 survivors (3072K)
 Metaspace       used 71252K, committed 73408K, reserved 487424K
  class space    used 10088K, committed 11136K, reserved 421888K
}
Event: 31.177 GC heap before
{Heap before GC invocations=27 (full 0):
 garbage-first heap   total 155648K, used 134044K [0x0000000080000000, 0x0000000100000000)
  region size 1024K, 48 young (49152K), 3 survivors (3072K)
 Metaspace       used 74879K, committed 77056K, reserved 487424K
  class space    used 10488K, committed 11584K, reserved 421888K
}
Event: 31.185 GC heap after
{Heap after GC invocations=28 (full 0):
 garbage-first heap   total 155648K, used 86016K [0x0000000080000000, 0x0000000100000000)
  region size 1024K, 6 young (6144K), 6 survivors (6144K)
 Metaspace       used 74879K, committed 77056K, reserved 487424K
  class space    used 10488K, committed 11584K, reserved 421888K
}
Event: 32.273 GC heap before
{Heap before GC invocations=28 (full 0):
 garbage-first heap   total 155648K, used 138240K [0x0000000080000000, 0x0000000100000000)
  region size 1024K, 57 young (58368K), 6 survivors (6144K)
 Metaspace       used 78704K, committed 80960K, reserved 552960K
  class space    used 10962K, committed 12096K, reserved 421888K
}
Event: 32.283 GC heap after
{Heap after GC invocations=29 (full 0):
 garbage-first heap   total 155648K, used 88420K [0x0000000080000000, 0x0000000100000000)
  region size 1024K, 7 young (7168K), 7 survivors (7168K)
 Metaspace       used 78704K, committed 80960K, reserved 552960K
  class space    used 10962K, committed 12096K, reserved 421888K
}

