# JRE version: Java(TM) SE Runtime Environment (20.0.2+9) (build 20.0.2+9-78)
# Java VM: Java HotSpot(TM) 64-Bit Server VM (20.0.2+9-78, mixed mode, sharing, tiered, compressed oops, compressed class ptrs, g1 gc, windows-amd64)
GC Precious Log:
 CardTable entry size: 512
 Card Set container configuration: InlinePtr #cards 5 size 8 Array Of Cards #cards 12 size 40 Howl #buckets 4 coarsen threshold 1843 Howl Bitmap #cards 512 size 80 coarsen threshold 460 Card regions per heap region 1 cards per card region 2048
 CPUs: 4 total, 4 available
 Memory: 16212M
 Large Page Support: Disabled
 NUMA Support: Disabled
 Compressed Oops: Enabled (32-bit)
 Heap Region Size: 1M
 Heap Min Capacity: 8M
 Heap Initial Capacity: 254M
 Heap Max Capacity: 2G
 Pre-touch: Disabled
 Parallel Workers: 4
 Concurrent Workers: 1
 Concurrent Refinement Workers: 4
 Periodic GC: Disabled
Heap:
 garbage-first heap   total 242688K, used 179352K [0x0000000080000000, 0x0000000100000000)
  region size 1024K, 47 young (48128K), 6 survivors (6144K)
 Metaspace       used 95407K, committed 98048K, reserved 552960K
  class space    used 13380K, committed 14656K, reserved 421888K
GC Heap History (20 events):
Event: 45.340 GC heap after
{Heap after GC invocations=33 (full 0):
 garbage-first heap   total 168960K, used 88700K [0x0000000080000000, 0x0000000100000000)
  region size 1024K, 5 young (5120K), 5 survivors (5120K)
 Metaspace       used 79479K, committed 81600K, reserved 552960K
  class space    used 11080K, committed 12160K, reserved 421888K
}
Event: 46.793 GC heap before
{Heap before GC invocations=33 (full 0):
 garbage-first heap   total 168960K, used 136828K [0x0000000080000000, 0x0000000100000000)
  region size 1024K, 52 young (53248K), 5 survivors (5120K)
 Metaspace       used 81255K, committed 83392K, reserved 552960K
  class space    used 11306K, committed 12352K, reserved 421888K
}
Event: 46.807 GC heap after
{Heap after GC invocations=34 (full 0):
 garbage-first heap   total 168960K, used 92059K [0x0000000080000000, 0x0000000100000000)
  region size 1024K, 6 young (6144K), 6 survivors (6144K)
 Metaspace       used 81255K, committed 83392K, reserved 552960K
  class space    used 11306K, committed 12352K, reserved 421888K
}
Event: 63.290 GC heap before
{Heap before GC invocations=34 (full 0):
 garbage-first heap   total 168960K, used 141211K [0x0000000080000000, 0x0000000100000000)
  region size 1024K, 54 young (55296K), 6 survivors (6144K)
 Metaspace       used 83547K, committed 85760K, reserved 552960K
  class space    used 11630K, committed 12736K, reserved 421888K
}
Event: 63.302 GC heap after
{Heap after GC invocations=35 (full 0):
 garbage-first heap   total 168960K, used 95396K [0x0000000080000000, 0x0000000100000000)
  region size 1024K, 7 young (7168K), 7 survivors (7168K)
 Metaspace       used 83547K, committed 85760K, reserved 552960K
  class space    used 11630K, committed 12736K, reserved 421888K
}
Event: 63.547 GC heap before
{Heap before GC invocations=35 (full 0):
 garbage-first heap   total 168960K, used 105636K [0x0000000080000000, 0x0000000100000000)
  region size 1024K, 18 young (18432K), 7 survivors (7168K)
 Metaspace       used 84200K, committed 86400K, reserved 552960K
  class space    used 11724K, committed 12864K, reserved 421888K
}
Event: 63.556 GC heap after
{Heap after GC invocations=36 (full 0):
 garbage-first heap   total 168960K, used 95975K [0x0000000080000000, 0x0000000100000000)
  region size 1024K, 4 young (4096K), 4 survivors (4096K)
 Metaspace       used 84200K, committed 86400K, reserved 552960K
  class space    used 11724K, committed 12864K, reserved 421888K
}
Event: 64.692 GC heap before
{Heap before GC invocations=37 (full 0):
 garbage-first heap   total 176128K, used 149223K [0x0000000080000000, 0x0000000100000000)
  region size 1024K, 55 young (56320K), 4 survivors (4096K)
 Metaspace       used 87848K, committed 90112K, reserved 552960K
  class space    used 12377K, committed 13504K, reserved 421888K
}
Event: 64.700 GC heap after
{Heap after GC invocations=38 (full 0):
 garbage-first heap   total 176128K, used 97482K [0x0000000080000000, 0x0000000100000000)
  region size 1024K, 3 young (3072K), 3 survivors (3072K)
 Metaspace       used 87848K, committed 90112K, reserved 552960K
  class space    used 12377K, committed 13504K, reserved 421888K
}
Event: 66.122 GC heap before
{Heap before GC invocations=38 (full 0):
 garbage-first heap   total 176128K, used 155850K [0x0000000080000000, 0x0000000100000000)
  region size 1024K, 60 young (61440K), 3 survivors (3072K)
 Metaspace       used 90570K, committed 92864K, reserved 552960K
  class space    used 12704K, committed 13888K, reserved 421888K
}
Event: 66.136 GC heap after
{Heap after GC invocations=39 (full 0):
 garbage-first heap   total 176128K, used 101998K [0x0000000080000000, 0x0000000100000000)
  region size 1024K, 7 young (7168K), 7 survivors (7168K)
 Metaspace       used 90570K, committed 92864K, reserved 552960K
  class space    used 12704K, committed 13888K, reserved 421888K
}
Event: 66.155 GC heap before
{Heap before GC invocations=39 (full 0):
 garbage-first heap   total 176128K, used 103022K [0x0000000080000000, 0x0000000100000000)
  region size 1024K, 9 young (9216K), 7 survivors (7168K)
 Metaspace       used 90584K, committed 92928K, reserved 552960K
  class space    used 12707K, committed 13888K, reserved 421888K
}
Event: 66.165 GC heap after
{Heap after GC invocations=40 (full 0):
 garbage-first heap   total 176128K, used 103251K [0x0000000080000000, 0x0000000100000000)
  region size 1024K, 1 young (1024K), 1 survivors (1024K)
 Metaspace       used 90584K, committed 92928K, reserved 552960K
  class space    used 12707K, committed 13888K, reserved 421888K
}
Event: 67.486 GC heap before
{Heap before GC invocations=41 (full 0):
 garbage-first heap   total 199680K, used 160595K [0x0000000080000000, 0x0000000100000000)
  region size 1024K, 54 young (55296K), 1 survivors (1024K)
 Metaspace       used 93189K, committed 95616K, reserved 552960K
  class space    used 13077K, committed 14272K, reserved 421888K
}
Event: 67.500 GC heap after
{Heap after GC invocations=42 (full 0):
 garbage-first heap   total 199680K, used 118590K [0x0000000080000000, 0x0000000100000000)
  region size 1024K, 7 young (7168K), 7 survivors (7168K)
 Metaspace       used 93189K, committed 95616K, reserved 552960K
  class space    used 13077K, committed 14272K, reserved 421888K
}
Event: 69.227 GC heap before
{Heap before GC invocations=42 (full 0):
 garbage-first heap   total 199680K, used 172862K [0x0000000080000000, 0x0000000100000000)
  region size 1024K, 61 young (62464K), 7 survivors (7168K)
 Metaspace       used 94591K, committed 97152K, reserved 552960K
  class space    used 13260K, committed 14528K, reserved 421888K
}
Event: 69.250 GC heap after
{Heap after GC invocations=43 (full 0):
 garbage-first heap   total 199680K, used 129860K [0x0000000080000000, 0x0000000100000000)
  region size 1024K, 8 young (8192K), 8 survivors (8192K)
 Metaspace       used 94591K, committed 97152K, reserved 552960K
  class space    used 13260K, committed 14528K, reserved 421888K
}
Event: 69.445 GC heap before
{Heap before GC invocations=43 (full 0):
 garbage-first heap   total 199680K, used 139076K [0x0000000080000000, 0x0000000100000000)
  region size 1024K, 19 young (19456K), 8 survivors (8192K)
 Metaspace       used 94661K, committed 97216K, reserved 552960K
  class space    used 13264K, committed 14528K, reserved 421888K
}
Event: 69.460 GC heap after
{Heap after GC invocations=44 (full 0):
 garbage-first heap   total 199680K, used 133272K [0x0000000080000000, 0x0000000100000000)
  region size 1024K, 3 young (3072K), 3 survivors (3072K)
 Metaspace       used 94661K, committed 97216K, reserved 552960K
  class space    used 13264K, committed 14528K, reserved 421888K
}
Event: 70.596 GC heap before
{Heap before GC invocations=45 (full 0):
 garbage-first heap   total 242688K, used 178328K [0x0000000080000000, 0x0000000100000000)
  region size 1024K, 44 young (45056K), 3 survivors (3072K)
 Metaspace       used 95407K, committed 98048K, reserved 552960K
  class space    used 13380K, committed 14656K, reserved 421888K
}

