# JRE version: OpenJDK Runtime Environment (17.0.7) (build 17.0.7+0-b2043.56-10550314)
# Java VM: OpenJDK 64-Bit Server VM (17.0.7+0-b2043.56-10550314, mixed mode, tiered, compressed oops, compressed class ptrs, g1 gc, windows-amd64)
GC Precious Log:
 CPUs: 4 total, 4 available
 Memory: 16212M
 Large Page Support: Disabled
 NUMA Support: Disabled
 Compressed Oops: Enabled (32-bit)
 Heap Region Size: 1M
 Heap Min Capacity: 8M
 Heap Initial Capacity: 254M
 Heap Max Capacity: 2G
 Pre-touch: Disabled
 Parallel Workers: 4
 Concurrent Workers: 1
 Concurrent Refinement Workers: 4
 Periodic GC: Disabled
Heap:
 garbage-first heap   total 160768K, used 128935K [0x0000000080000000, 0x0000000100000000)
  region size 1024K, 78 young (79872K), 8 survivors (8192K)
 Metaspace       used 66829K, committed 67520K, reserved 491520K
  class space    used 9204K, committed 9536K, reserved 425984K
GC Heap History (20 events):
Event: 4.642 GC heap after
{Heap after GC invocations=7 (full 0):
 garbage-first heap   total 68608K, used 20521K [0x0000000080000000, 0x0000000100000000)
  region size 1024K, 1 young (1024K), 1 survivors (1024K)
 Metaspace       used 26425K, committed 26688K, reserved 491520K
  class space    used 3439K, committed 3584K, reserved 425984K
}
Event: 5.719 GC heap before
{Heap before GC invocations=7 (full 0):
 garbage-first heap   total 68608K, used 48169K [0x0000000080000000, 0x0000000100000000)
  region size 1024K, 28 young (28672K), 1 survivors (1024K)
 Metaspace       used 30274K, committed 30592K, reserved 491520K
  class space    used 4061K, committed 4224K, reserved 425984K
}
Event: 5.723 GC heap after
{Heap after GC invocations=8 (full 0):
 garbage-first heap   total 68608K, used 21820K [0x0000000080000000, 0x0000000100000000)
  region size 1024K, 2 young (2048K), 2 survivors (2048K)
 Metaspace       used 30274K, committed 30592K, reserved 491520K
  class space    used 4061K, committed 4224K, reserved 425984K
}
Event: 6.583 GC heap before
{Heap before GC invocations=8 (full 0):
 garbage-first heap   total 68608K, used 50492K [0x0000000080000000, 0x0000000100000000)
  region size 1024K, 30 young (30720K), 2 survivors (2048K)
 Metaspace       used 33693K, committed 33984K, reserved 491520K
  class space    used 4631K, committed 4736K, reserved 425984K
}
Event: 6.589 GC heap after
{Heap after GC invocations=9 (full 0):
 garbage-first heap   total 68608K, used 23045K [0x0000000080000000, 0x0000000100000000)
  region size 1024K, 3 young (3072K), 3 survivors (3072K)
 Metaspace       used 33693K, committed 33984K, reserved 491520K
  class space    used 4631K, committed 4736K, reserved 425984K
}
Event: 6.938 GC heap before
{Heap before GC invocations=9 (full 0):
 garbage-first heap   total 68608K, used 34309K [0x0000000080000000, 0x0000000100000000)
  region size 1024K, 15 young (15360K), 3 survivors (3072K)
 Metaspace       used 35793K, committed 36096K, reserved 491520K
  class space    used 4951K, committed 5056K, reserved 425984K
}
Event: 6.944 GC heap after
{Heap after GC invocations=10 (full 0):
 garbage-first heap   total 68608K, used 23794K [0x0000000080000000, 0x0000000100000000)
  region size 1024K, 2 young (2048K), 2 survivors (2048K)
 Metaspace       used 35793K, committed 36096K, reserved 491520K
  class space    used 4951K, committed 5056K, reserved 425984K
}
Event: 7.722 GC heap before
{Heap before GC invocations=11 (full 0):
 garbage-first heap   total 68608K, used 52466K [0x0000000080000000, 0x0000000100000000)
  region size 1024K, 31 young (31744K), 2 survivors (2048K)
 Metaspace       used 42036K, committed 42432K, reserved 491520K
  class space    used 5610K, committed 5760K, reserved 425984K
}
Event: 7.732 GC heap after
{Heap after GC invocations=12 (full 0):
 garbage-first heap   total 68608K, used 27395K [0x0000000080000000, 0x0000000100000000)
  region size 1024K, 4 young (4096K), 4 survivors (4096K)
 Metaspace       used 42036K, committed 42432K, reserved 491520K
  class space    used 5610K, committed 5760K, reserved 425984K
}
Event: 7.743 GC heap before
{Heap before GC invocations=12 (full 0):
 garbage-first heap   total 68608K, used 28419K [0x0000000080000000, 0x0000000100000000)
  region size 1024K, 5 young (5120K), 4 survivors (4096K)
 Metaspace       used 42043K, committed 42432K, reserved 491520K
  class space    used 5610K, committed 5760K, reserved 425984K
}
Event: 7.755 GC heap after
{Heap after GC invocations=13 (full 0):
 garbage-first heap   total 68608K, used 27770K [0x0000000080000000, 0x0000000100000000)
  region size 1024K, 1 young (1024K), 1 survivors (1024K)
 Metaspace       used 42043K, committed 42432K, reserved 491520K
  class space    used 5610K, committed 5760K, reserved 425984K
}
Event: 8.129 GC heap before
{Heap before GC invocations=13 (full 0):
 garbage-first heap   total 68608K, used 50298K [0x0000000080000000, 0x0000000100000000)
  region size 1024K, 22 young (22528K), 1 survivors (1024K)
 Metaspace       used 42770K, committed 43136K, reserved 491520K
  class space    used 5697K, committed 5888K, reserved 425984K
}
Event: 8.136 GC heap after
{Heap after GC invocations=14 (full 0):
 garbage-first heap   total 160768K, used 32126K [0x0000000080000000, 0x0000000100000000)
  region size 1024K, 3 young (3072K), 3 survivors (3072K)
 Metaspace       used 42770K, committed 43136K, reserved 491520K
  class space    used 5697K, committed 5888K, reserved 425984K
}
Event: 116.041 GC heap before
{Heap before GC invocations=14 (full 0):
 garbage-first heap   total 160768K, used 123262K [0x0000000080000000, 0x0000000100000000)
  region size 1024K, 89 young (91136K), 3 survivors (3072K)
 Metaspace       used 49703K, committed 50240K, reserved 491520K
  class space    used 6544K, committed 6784K, reserved 425984K
}
Event: 116.064 GC heap after
{Heap after GC invocations=15 (full 0):
 garbage-first heap   total 160768K, used 36790K [0x0000000080000000, 0x0000000100000000)
  region size 1024K, 10 young (10240K), 10 survivors (10240K)
 Metaspace       used 49703K, committed 50240K, reserved 491520K
  class space    used 6544K, committed 6784K, reserved 425984K
}
Event: 125.107 GC heap before
{Heap before GC invocations=15 (full 0):
 garbage-first heap   total 160768K, used 115638K [0x0000000080000000, 0x0000000100000000)
  region size 1024K, 87 young (89088K), 10 survivors (10240K)
 Metaspace       used 58267K, committed 58944K, reserved 491520K
  class space    used 7955K, committed 8256K, reserved 425984K
}
Event: 125.133 GC heap after
{Heap after GC invocations=16 (full 0):
 garbage-first heap   total 160768K, used 40998K [0x0000000080000000, 0x0000000100000000)
  region size 1024K, 5 young (5120K), 5 survivors (5120K)
 Metaspace       used 58267K, committed 58944K, reserved 491520K
  class space    used 7955K, committed 8256K, reserved 425984K
}
Event: 129.220 GC heap before
{Heap before GC invocations=16 (full 0):
 garbage-first heap   total 160768K, used 71718K [0x0000000080000000, 0x0000000100000000)
  region size 1024K, 28 young (28672K), 5 survivors (5120K)
 Metaspace       used 59806K, committed 60416K, reserved 491520K
  class space    used 8161K, committed 8448K, reserved 425984K
}
Event: 129.236 GC heap after
{Heap after GC invocations=17 (full 0):
 garbage-first heap   total 160768K, used 53159K [0x0000000080000000, 0x0000000100000000)
  region size 1024K, 9 young (9216K), 9 survivors (9216K)
 Metaspace       used 59806K, committed 60416K, reserved 491520K
  class space    used 8161K, committed 8448K, reserved 425984K
}
Event: 135.734 GC heap before
{Heap before GC invocations=18 (full 0):
 garbage-first heap   total 160768K, used 128935K [0x0000000080000000, 0x0000000100000000)
  region size 1024K, 79 young (80896K), 9 survivors (9216K)
 Metaspace       used 66829K, committed 67520K, reserved 491520K
  class space    used 9204K, committed 9536K, reserved 425984K
}

